<?xml version="1.0" encoding="UTF-8"?>
<!-- Generated by org.testng.reporters.JUnitReportReporter -->
<testsuite hostname="DESKTOP-HRS35RE" failures="0" tests="4" name="qaontime.NewTest" time="7.679" errors="1" timestamp="2020-01-07T18:42:46 EET" skipped="0">
  <testcase classname="qaontime.NewTest" name="abc" time="0.001"/>
  <testcase classname="qaontime.NewTest" name="add_issue_Should_Not_work_SeverityToBig" time="0.008">
    <error message="Method qaontime.NewTest.add_issue_Should_Not_work_SeverityToBig() didn&#039;t finish within the time-out 1" type="org.testng.internal.thread.ThreadTimeoutException">
      <![CDATA[org.testng.internal.thread.ThreadTimeoutException: Method qaontime.NewTest.add_issue_Should_Not_work_SeverityToBig() didn't finish within the time-out 1
at java.base@13.0.1/sun.nio.ch.Net.poll(Native Method)
at java.base@13.0.1/sun.nio.ch.NioSocketImpl.park(NioSocketImpl.java:182)
at java.base@13.0.1/sun.nio.ch.NioSocketImpl.timedRead(NioSocketImpl.java:286)
at java.base@13.0.1/sun.nio.ch.NioSocketImpl.implRead(NioSocketImpl.java:310)
at java.base@13.0.1/sun.nio.ch.NioSocketImpl.read(NioSocketImpl.java:351)
at java.base@13.0.1/sun.nio.ch.NioSocketImpl$1.read(NioSocketImpl.java:802)
at java.base@13.0.1/java.net.Socket$SocketInputStream.read(Socket.java:937)
at app//org.apache.http.impl.io.SessionInputBufferImpl.streamRead(SessionInputBufferImpl.java:139)
at app//org.apache.http.impl.io.SessionInputBufferImpl.fillBuffer(SessionInputBufferImpl.java:155)
at app//org.apache.http.impl.BHttpConnectionBase.fillInputBuffer(BHttpConnectionBase.java:346)
at app//org.apache.http.impl.BHttpConnectionBase.isStale(BHttpConnectionBase.java:366)
at app//org.apache.http.impl.conn.CPoolProxy.isStale(CPoolProxy.java:114)
at app//org.apache.http.impl.execchain.MainClientExec.execute(MainClientExec.java:208)
at app//org.apache.http.impl.execchain.ProtocolExec.execute(ProtocolExec.java:184)
at app//org.apache.http.impl.execchain.RetryExec.execute(RetryExec.java:88)
at app//org.apache.http.impl.execchain.RedirectExec.execute(RedirectExec.java:110)
at app//org.apache.http.impl.client.InternalHttpClient.doExecute(InternalHttpClient.java:184)
at app//org.apache.http.impl.client.CloseableHttpClient.execute(CloseableHttpClient.java:71)
at app//org.apache.http.impl.client.CloseableHttpClient.execute(CloseableHttpClient.java:55)
at app//org.openqa.selenium.remote.internal.ApacheHttpClient.fallBackExecute(ApacheHttpClient.java:144)
at app//org.openqa.selenium.remote.internal.ApacheHttpClient.execute(ApacheHttpClient.java:90)
at app//org.openqa.selenium.remote.HttpCommandExecutor.execute(HttpCommandExecutor.java:142)
at app//org.openqa.selenium.remote.service.DriverCommandExecutor.execute(DriverCommandExecutor.java:82)
at app//org.openqa.selenium.remote.RemoteWebDriver.execute(RemoteWebDriver.java:644)
at app//org.openqa.selenium.remote.RemoteWebDriver.get(RemoteWebDriver.java:316)
at app//qaontime.NewTest.add_issue_Should_Not_work_SeverityToBig(NewTest.java:63)
at java.base@13.0.1/jdk.internal.reflect.NativeMethodAccessorImpl.invoke0(Native Method)
at java.base@13.0.1/jdk.internal.reflect.NativeMethodAccessorImpl.invoke(NativeMethodAccessorImpl.java:62)
at java.base@13.0.1/jdk.internal.reflect.DelegatingMethodAccessorImpl.invoke(DelegatingMethodAccessorImpl.java:43)
at java.base@13.0.1/java.lang.reflect.Method.invoke(Method.java:567)
at app//org.testng.internal.MethodInvocationHelper.invokeMethod(MethodInvocationHelper.java:133)
at app//org.testng.internal.InvokeMethodRunnable.runOne(InvokeMethodRunnable.java:51)
at app//org.testng.internal.InvokeMethodRunnable.run(InvokeMethodRunnable.java:41)
at java.base@13.0.1/java.util.concurrent.Executors$RunnableAdapter.call(Executors.java:515)
at java.base@13.0.1/java.util.concurrent.FutureTask.run(FutureTask.java:264)
at java.base@13.0.1/java.util.concurrent.ThreadPoolExecutor.runWorker(ThreadPoolExecutor.java:1128)
at java.base@13.0.1/java.util.concurrent.ThreadPoolExecutor$Worker.run(ThreadPoolExecutor.java:628)
at java.base@13.0.1/java.lang.Thread.run(Thread.java:830)
]]>
    </error>
  </testcase> <!-- add_issue_Should_Not_work_SeverityToBig -->
  <testcase classname="qaontime.NewTest" name="Should_BeAbleToCreateIssue_When_ProvidingCorrectData" time="4.489"/>
  <testcase classname="qaontime.NewTest" name="add_issue_Should_Not_Work_Then_Issue_Name_Missing" time="3.181"/>
</testsuite> <!-- qaontime.NewTest -->
